<?xml version="1.0" encoding="UTF-8"?>
<!-- Generated by org.testng.reporters.JUnitReportReporter -->
<testsuite hostname="User" failures="0" tests="1" name="base.ActionClass" time="9.149" errors="0" timestamp="2024-03-25T14:15:03 IST" skipped="0">
  <testcase classname="base.ActionClass" name="actionClass" time="9.149"/>
  <system-out/>
</testsuite> <!-- base.ActionClass -->
