<?xml version="1.0" encoding="UTF-8"?>
<!-- Generated by org.testng.reporters.JUnitReportReporter -->
<testsuite hostname="User" failures="0" tests="1" name="test.TestChrome" time="7.620" errors="0" timestamp="2024-04-05T14:49:51 IST" skipped="0">
  <testcase classname="test.TestChrome" name="run" time="7.620"/>
  <system-out/>
</testsuite> <!-- test.TestChrome -->
