<?xml version="1.0" encoding="UTF-8"?>
<!-- Generated by org.testng.reporters.JUnitReportReporter -->
<testsuite hostname="User" failures="0" tests="5" name="runner.RunnerClass" time="73.792" errors="0" timestamp="2024-04-12T16:14:26 IST" skipped="0">
  <testcase classname="runner.RunnerClass" name="runScenario" time="22.135"/>
  <system-out/>
  <testcase classname="runner.RunnerClass" name="runScenario" time="19.464"/>
  <system-out/>
  <testcase classname="runner.RunnerClass" name="runScenario" time="9.287"/>
  <system-out/>
  <testcase classname="runner.RunnerClass" name="runScenario" time="11.015"/>
  <system-out/>
  <testcase classname="runner.RunnerClass" name="runScenario" time="11.891"/>
  <system-out/>
</testsuite> <!-- runner.RunnerClass -->
